c:\users\bluew\clionprojects\superpotooworld\superpotooworld\superpotooworld\superpotooworld\x64\debug\vc142.pdb
c:\users\bluew\clionprojects\superpotooworld\superpotooworld\superpotooworld\superpotooworld\x64\debug\vc142.idb
c:\users\bluew\clionprojects\superpotooworld\superpotooworld\superpotooworld\superpotooworld\x64\debug\collectable_firefly.obj
c:\users\bluew\clionprojects\superpotooworld\superpotooworld\superpotooworld\superpotooworld\x64\debug\collectable.obj
c:\users\bluew\clionprojects\superpotooworld\superpotooworld\superpotooworld\superpotooworld\x64\debug\camera.obj
c:\users\bluew\clionprojects\superpotooworld\superpotooworld\superpotooworld\superpotooworld\x64\debug\block_oneway.obj
c:\users\bluew\clionprojects\superpotooworld\superpotooworld\superpotooworld\superpotooworld\x64\debug\block_ground.obj
c:\users\bluew\clionprojects\superpotooworld\superpotooworld\superpotooworld\superpotooworld\x64\debug\block_gravityinverter.obj
c:\users\bluew\clionprojects\superpotooworld\superpotooworld\superpotooworld\superpotooworld\x64\debug\block_brick.obj
c:\users\bluew\clionprojects\superpotooworld\superpotooworld\superpotooworld\superpotooworld\x64\debug\block_bonus.obj
c:\users\bluew\clionprojects\superpotooworld\superpotooworld\superpotooworld\superpotooworld\x64\debug\block.obj
c:\users\bluew\clionprojects\superpotooworld\superpotooworld\superpotooworld\superpotooworld\x64\debug\objectmanager.obj
c:\users\bluew\clionprojects\superpotooworld\superpotooworld\superpotooworld\superpotooworld\x64\debug\gizmos.obj
c:\users\bluew\clionprojects\superpotooworld\superpotooworld\superpotooworld\superpotooworld\x64\debug\gameui.obj
c:\users\bluew\clionprojects\superpotooworld\superpotooworld\superpotooworld\superpotooworld\x64\debug\gametextures.obj
c:\users\bluew\clionprojects\superpotooworld\superpotooworld\superpotooworld\superpotooworld\x64\debug\gameinput.obj
c:\users\bluew\clionprojects\superpotooworld\superpotooworld\superpotooworld\superpotooworld\x64\debug\gameanimators.obj
c:\users\bluew\clionprojects\superpotooworld\superpotooworld\superpotooworld\superpotooworld\x64\debug\menutextures.obj
c:\users\bluew\clionprojects\superpotooworld\superpotooworld\superpotooworld\superpotooworld\x64\debug\menuinput.obj
c:\users\bluew\clionprojects\superpotooworld\superpotooworld\superpotooworld\superpotooworld\x64\debug\menu.obj
c:\users\bluew\clionprojects\superpotooworld\superpotooworld\superpotooworld\superpotooworld\x64\debug\pvector.obj
c:\users\bluew\clionprojects\superpotooworld\superpotooworld\superpotooworld\superpotooworld\x64\debug\pht.obj
c:\users\bluew\clionprojects\superpotooworld\superpotooworld\superpotooworld\superpotooworld\x64\debug\uitextures.obj
c:\users\bluew\clionprojects\superpotooworld\superpotooworld\superpotooworld\superpotooworld\x64\debug\tilemap.obj
c:\users\bluew\clionprojects\superpotooworld\superpotooworld\superpotooworld\superpotooworld\x64\debug\scene.obj
c:\users\bluew\clionprojects\superpotooworld\superpotooworld\superpotooworld\superpotooworld\x64\debug\parallax.obj
c:\users\bluew\clionprojects\superpotooworld\superpotooworld\superpotooworld\superpotooworld\x64\debug\tool_hazard.obj
c:\users\bluew\clionprojects\superpotooworld\superpotooworld\superpotooworld\superpotooworld\x64\debug\tool_finish.obj
c:\users\bluew\clionprojects\superpotooworld\superpotooworld\superpotooworld\superpotooworld\x64\debug\tool_checkpoint.obj
c:\users\bluew\clionprojects\superpotooworld\superpotooworld\superpotooworld\superpotooworld\x64\debug\tool_bound.obj
c:\users\bluew\clionprojects\superpotooworld\superpotooworld\superpotooworld\superpotooworld\x64\debug\tool.obj
c:\users\bluew\clionprojects\superpotooworld\superpotooworld\superpotooworld\superpotooworld\x64\debug\skill.obj
c:\users\bluew\clionprojects\superpotooworld\superpotooworld\superpotooworld\superpotooworld\x64\debug\scream.obj
c:\users\bluew\clionprojects\superpotooworld\superpotooworld\superpotooworld\superpotooworld\x64\debug\fireball.obj
c:\users\bluew\clionprojects\superpotooworld\superpotooworld\superpotooworld\superpotooworld\x64\debug\player.obj
c:\users\bluew\clionprojects\superpotooworld\superpotooworld\superpotooworld\superpotooworld\x64\debug\gameobject.obj
c:\users\bluew\clionprojects\superpotooworld\superpotooworld\superpotooworld\superpotooworld\x64\debug\main.obj
c:\users\bluew\clionprojects\superpotooworld\superpotooworld\superpotooworld\superpotooworld\x64\debug\enemy_nut.obj
c:\users\bluew\clionprojects\superpotooworld\superpotooworld\superpotooworld\superpotooworld\x64\debug\enemy.obj
c:\users\bluew\clionprojects\superpotooworld\superpotooworld\superpotooworld\superpotooworld\x64\debug\powerup_fire.obj
c:\users\bluew\clionprojects\superpotooworld\superpotooworld\superpotooworld\superpotooworld\x64\debug\collectable_heart.obj
c:\users\bluew\clionprojects\superpotooworld\superpotooworld\superpotooworld\x64\debug\superpotooworld.pdb
c:\users\bluew\clionprojects\superpotooworld\superpotooworld\superpotooworld\superpotooworld\x64\debug\superpotooworld.tlog\cl.command.1.tlog
c:\users\bluew\clionprojects\superpotooworld\superpotooworld\superpotooworld\superpotooworld\x64\debug\superpotooworld.tlog\cl.read.1.tlog
c:\users\bluew\clionprojects\superpotooworld\superpotooworld\superpotooworld\superpotooworld\x64\debug\superpotooworld.tlog\cl.write.1.tlog
c:\users\bluew\clionprojects\superpotooworld\superpotooworld\superpotooworld\superpotooworld\x64\debug\superpotooworld.tlog\link-cvtres.read.1.tlog
c:\users\bluew\clionprojects\superpotooworld\superpotooworld\superpotooworld\superpotooworld\x64\debug\superpotooworld.tlog\link-cvtres.write.1.tlog
c:\users\bluew\clionprojects\superpotooworld\superpotooworld\superpotooworld\superpotooworld\x64\debug\superpotooworld.tlog\link-rc.read.1.tlog
c:\users\bluew\clionprojects\superpotooworld\superpotooworld\superpotooworld\superpotooworld\x64\debug\superpotooworld.tlog\link-rc.write.1.tlog
c:\users\bluew\clionprojects\superpotooworld\superpotooworld\superpotooworld\superpotooworld\x64\debug\superpotooworld.tlog\link.11220-cvtres.read.1.tlog
c:\users\bluew\clionprojects\superpotooworld\superpotooworld\superpotooworld\superpotooworld\x64\debug\superpotooworld.tlog\link.11220-cvtres.write.1.tlog
c:\users\bluew\clionprojects\superpotooworld\superpotooworld\superpotooworld\superpotooworld\x64\debug\superpotooworld.tlog\link.11220-rc.read.1.tlog
c:\users\bluew\clionprojects\superpotooworld\superpotooworld\superpotooworld\superpotooworld\x64\debug\superpotooworld.tlog\link.11220-rc.write.1.tlog
c:\users\bluew\clionprojects\superpotooworld\superpotooworld\superpotooworld\superpotooworld\x64\debug\superpotooworld.tlog\link.11220.read.1.tlog
c:\users\bluew\clionprojects\superpotooworld\superpotooworld\superpotooworld\superpotooworld\x64\debug\superpotooworld.tlog\link.11220.write.1.tlog
c:\users\bluew\clionprojects\superpotooworld\superpotooworld\superpotooworld\superpotooworld\x64\debug\superpotooworld.tlog\link.command.1.tlog
c:\users\bluew\clionprojects\superpotooworld\superpotooworld\superpotooworld\superpotooworld\x64\debug\superpotooworld.tlog\link.read.1.tlog
c:\users\bluew\clionprojects\superpotooworld\superpotooworld\superpotooworld\superpotooworld\x64\debug\superpotooworld.tlog\link.write.1.tlog
