  PHT.c
C:\Users\bluew\CLionProjects\SuperPotooWorld\SuperPotooWorld\SuperPotooWorld\SuperPotooWorld\DataStructure\PHT.c(15,36): warning C4311: 'cast de type' : troncation de pointeur de 'void *' à 'unsigned int'
  PVector.c
  Menu.c
  MenuInput.c
  MenuTextures.c
C:\Users\bluew\CLionProjects\SuperPotooWorld\SuperPotooWorld\SuperPotooWorld\SuperPotooWorld\Menu\MenuTextures.c(10,10): warning C4189: 'imgPath' : variable locale initialisée mais non référencée
  GameAnimators.c
C:\Users\bluew\CLionProjects\SuperPotooWorld\SuperPotooWorld\SuperPotooWorld\SuperPotooWorld\Scene\GameAnimators.c(10,9): warning C4189: 'exitStatus' : variable locale initialisée mais non référencée
  GameInput.c
  GameTextures.c
C:\Users\bluew\CLionProjects\SuperPotooWorld\SuperPotooWorld\SuperPotooWorld\SuperPotooWorld\Scene\GameTextures.c(10,10): warning C4189: 'imgPath' : variable locale initialisée mais non référencée
  GameUI.c
C:\Users\bluew\CLionProjects\SuperPotooWorld\SuperPotooWorld\SuperPotooWorld\SuperPotooWorld\Scene\GameUI.c(8,47): warning C4100: 'stats' : paramètre formel non référencé
C:\Users\bluew\CLionProjects\SuperPotooWorld\SuperPotooWorld\SuperPotooWorld\SuperPotooWorld\Scene\GameUI.c(8,27): warning C4100: 'scene' : paramètre formel non référencé
  Gizmos.c
  ObjectManager.c
  Block.c
  Block_Bonus.c
C:\Users\bluew\CLionProjects\SuperPotooWorld\SuperPotooWorld\SuperPotooWorld\SuperPotooWorld\Scene\Object\Block\Block_Bonus.c(9,26): warning C4100: 'block' : paramètre formel non référencé
C:\Users\bluew\CLionProjects\SuperPotooWorld\SuperPotooWorld\SuperPotooWorld\SuperPotooWorld\Scene\Object\Block\Block_Bonus.c(19,28): warning C4100: 'block' : paramètre formel non référencé
C:\Users\bluew\CLionProjects\SuperPotooWorld\SuperPotooWorld\SuperPotooWorld\SuperPotooWorld\Scene\Object\Block\Block_Bonus.c(29,26): warning C4100: 'block' : paramètre formel non référencé
C:\Users\bluew\CLionProjects\SuperPotooWorld\SuperPotooWorld\SuperPotooWorld\SuperPotooWorld\Scene\Object\Block\Block_Bonus.c(37,23): warning C4100: 'block' : paramètre formel non référencé
  Block_Brick.c
C:\Users\bluew\CLionProjects\SuperPotooWorld\SuperPotooWorld\SuperPotooWorld\SuperPotooWorld\Scene\Object\Block\Block_Brick.c(9,26): warning C4100: 'block' : paramètre formel non référencé
C:\Users\bluew\CLionProjects\SuperPotooWorld\SuperPotooWorld\SuperPotooWorld\SuperPotooWorld\Scene\Object\Block\Block_Brick.c(29,26): warning C4100: 'block' : paramètre formel non référencé
C:\Users\bluew\CLionProjects\SuperPotooWorld\SuperPotooWorld\SuperPotooWorld\SuperPotooWorld\Scene\Object\Block\Block_Brick.c(37,23): warning C4100: 'block' : paramètre formel non référencé
  Block_Ground.c
  Block_OneWay.c
C:\Users\bluew\CLionProjects\SuperPotooWorld\SuperPotooWorld\SuperPotooWorld\SuperPotooWorld\Scene\Object\Block\Block_OneWay.c(9,27): warning C4100: 'block' : paramètre formel non référencé
  Camera.c
  Collectable.c
  Collectable_Firefly.c
  Collectable_Heart.c
C:\Users\bluew\CLionProjects\SuperPotooWorld\SuperPotooWorld\SuperPotooWorld\SuperPotooWorld\Scene\Object\Collectable\Collectable_Heart.c(12,14): warning C4189: 'position' : variable locale initialisée mais non référencée
C:\Users\bluew\CLionProjects\SuperPotooWorld\SuperPotooWorld\SuperPotooWorld\SuperPotooWorld\Scene\Object\Collectable\Collectable_Heart.c(11,12): warning C4189: 'scene' : variable locale initialisée mais non référencée
C:\Users\bluew\CLionProjects\SuperPotooWorld\SuperPotooWorld\SuperPotooWorld\SuperPotooWorld\Scene\Object\Collectable\Collectable_Heart.c(24,34): warning C4100: 'collectable' : paramètre formel non référencé
C:\Users\bluew\CLionProjects\SuperPotooWorld\SuperPotooWorld\SuperPotooWorld\SuperPotooWorld\Scene\Object\Collectable\Collectable_Heart.c(35,32): warning C4100: 'collectable' : paramètre formel non référencé
  Génération de code en cours...
  Compilation en cours...
  Enemy.c
  Enemy_Nut.c
C:\Users\bluew\CLionProjects\SuperPotooWorld\SuperPotooWorld\SuperPotooWorld\SuperPotooWorld\Scene\Object\Enemy\Enemy_Nut.c(12,18): warning C4189: 'animator' : variable locale initialisée mais non référencée
C:\Users\bluew\CLionProjects\SuperPotooWorld\SuperPotooWorld\SuperPotooWorld\SuperPotooWorld\Scene\Object\Enemy\Enemy_Nut.c(11,12): warning C4189: 'scene' : variable locale initialisée mais non référencée
C:\Users\bluew\CLionProjects\SuperPotooWorld\SuperPotooWorld\SuperPotooWorld\SuperPotooWorld\Scene\Object\Enemy\Enemy_Nut.c(24,14): warning C4189: 'position' : variable locale initialisée mais non référencée
C:\Users\bluew\CLionProjects\SuperPotooWorld\SuperPotooWorld\SuperPotooWorld\SuperPotooWorld\Scene\Object\Enemy\Enemy_Nut.c(23,12): warning C4189: 'scene' : variable locale initialisée mais non référencée
C:\Users\bluew\CLionProjects\SuperPotooWorld\SuperPotooWorld\SuperPotooWorld\SuperPotooWorld\Scene\Object\Enemy\Enemy_Nut.c(46,28): warning C4100: 'enemy' : paramètre formel non référencé
C:\Users\bluew\CLionProjects\SuperPotooWorld\SuperPotooWorld\SuperPotooWorld\SuperPotooWorld\Scene\Object\Enemy\Enemy_Nut.c(58,24): warning C4100: 'enemy' : paramètre formel non référencé
C:\Users\bluew\CLionProjects\SuperPotooWorld\SuperPotooWorld\SuperPotooWorld\SuperPotooWorld\Scene\Object\Enemy\Enemy_Nut.c(66,24): warning C4100: 'enemy' : paramètre formel non référencé
  main.c
C:\Users\bluew\CLionProjects\SuperPotooWorld\SuperPotooWorld\SuperPotooWorld\SuperPotooWorld\main.c(23,26): warning C4100: 'argv' : paramètre formel non référencé
C:\Users\bluew\CLionProjects\SuperPotooWorld\SuperPotooWorld\SuperPotooWorld\SuperPotooWorld\main.c(23,14): warning C4100: 'argc' : paramètre formel non référencé
  GameObject.c
  Player.c
C:\Users\bluew\CLionProjects\SuperPotooWorld\SuperPotooWorld\SuperPotooWorld\SuperPotooWorld\Scene\Object\Player.c(148,19): warning C4189: 'parAnim' : variable locale initialisée mais non référencée
C:\Users\bluew\CLionProjects\SuperPotooWorld\SuperPotooWorld\SuperPotooWorld\SuperPotooWorld\Scene\Object\Player.c(368,28): warning C4100: 'player' : paramètre formel non référencé
C:\Users\bluew\CLionProjects\SuperPotooWorld\SuperPotooWorld\SuperPotooWorld\SuperPotooWorld\Scene\Object\Player.c(405,32): warning C4100: 'player' : paramètre formel non référencé
C:\Users\bluew\CLionProjects\SuperPotooWorld\SuperPotooWorld\SuperPotooWorld\SuperPotooWorld\Scene\Object\Player.c(413,30): warning C4100: 'player' : paramètre formel non référencé
C:\Users\bluew\CLionProjects\SuperPotooWorld\SuperPotooWorld\SuperPotooWorld\SuperPotooWorld\Scene\Object\Player.c(484,13): warning C4189: 'exitStatus' : variable locale initialisée mais non référencée
C:\Users\bluew\CLionProjects\SuperPotooWorld\SuperPotooWorld\SuperPotooWorld\SuperPotooWorld\Scene\Object\Player.c(489,13): warning C4189: 'exitStatus' : variable locale initialisée mais non référencée
  Tool.c
  Tool_Bound.c
  Tool_Checkpoint.c
C:\Users\bluew\CLionProjects\SuperPotooWorld\SuperPotooWorld\SuperPotooWorld\SuperPotooWorld\Scene\Object\Tool\Tool_Checkpoint.c(9,30): warning C4100: 'tool' : paramètre formel non référencé
C:\Users\bluew\CLionProjects\SuperPotooWorld\SuperPotooWorld\SuperPotooWorld\SuperPotooWorld\Scene\Object\Tool\Tool_Checkpoint.c(21,30): warning C4100: 'tool' : paramètre formel non référencé
  Tool_Finish.c
C:\Users\bluew\CLionProjects\SuperPotooWorld\SuperPotooWorld\SuperPotooWorld\SuperPotooWorld\Scene\Object\Tool\Tool_Finish.c(9,26): warning C4100: 'tool' : paramètre formel non référencé
  Tool_Hazard.c
  Parallax.c
C:\Users\bluew\CLionProjects\SuperPotooWorld\SuperPotooWorld\SuperPotooWorld\SuperPotooWorld\Scene\Parallax.c(70,42): warning C4100: 'parallax' : paramètre formel non référencé
  Scene.c
C:\Users\bluew\CLionProjects\SuperPotooWorld\SuperPotooWorld\SuperPotooWorld\SuperPotooWorld\Scene\Scene.c(80,14): warning C4189: 'c' : variable locale initialisée mais non référencée
C:\Users\bluew\CLionProjects\SuperPotooWorld\SuperPotooWorld\SuperPotooWorld\SuperPotooWorld\Scene\Scene.c(96,66): warning C4100: 'size' : paramètre formel non référencé
C:\Users\bluew\CLionProjects\SuperPotooWorld\SuperPotooWorld\SuperPotooWorld\SuperPotooWorld\Scene\Scene.c(96,48): warning C4100: 'levelBuffer' : paramètre formel non référencé
  Tilemap.c
  Génération de code en cours...
  SuperPotooWorld.vcxproj -> C:\Users\bluew\CLionProjects\SuperPotooWorld\SuperPotooWorld\SuperPotooWorld\x64\Debug\SuperPotooWorld.exe
